\o Program:		@(#)$CDS: libManager version 6.1.7 - CAT35 01/28/2016 23:41 (sjfnl179) $
\o Sub version:		sub-version  IC6.1.7 - CAT35.15s004 
\o Arguments:		-unmapped -mpssession virtuoso4698 -mpshost lyjslay 
\o Working Directory:	lyjslay:/home/lyjslay/ClassDemo
\o 64-bit offsets
\o Qt version: 		4.8.5
\o changeWorkingDir("/home/lyjslay/ClassDemo") unnecessary.
\o ddSetForcedLib("") unnecessary.
\o Log file is "/home/lyjslay/ClassDemo/libManager.log".
\o Opening libManager window.
\a nrSetWindowVisibility(cdsLibManager "show")
\o MPS service: map window
\a nrSetCurrentWindow(cdsLibManager)
\o Library Manager customization server connected.
\a nrResizeWindow(cdsLibManager list(190 96 1150 733))
\a cdsLibManager->libListBox->value = "smic18ee"
\a cdsLibManager->libLineEdit->value = "smic18ee"
\a cdsLibManager->cellListBox->value = "M1_SN"
\a cdsLibManager->viewListBox->value = "via"
\a cdsLibManager->viewLineEdit->value = "via"
\a cdsLibManager->cellListBox->value = "dnwdioe2r"
\a cdsLibManager->viewLineEdit->value = ""
\a cdsLibManager->viewListBox->value = nil
\a cdsLibManager->cellListBox->value = "mime2r_ckt"
\a cdsLibManager->cellLineEdit->value = "mime2r_ckt"
\a cdsLibManager->viewListBox->value = "UltraSim"
\a cdsLibManager->viewLineEdit->value = "UltraSim"
\a cdsLibManager->viewListBox->value = "auLvs"
\a cdsLibManager->viewLineEdit->value = "auLvs"
\a cdsLibManager->viewListBox->value = "ivpcell"
\a cdsLibManager->viewLineEdit->value = "ivpcell"
\a cdsLibManager->viewListBox->value = "layout"
\a cdsLibManager->viewLineEdit->value = "layout"
\a cdsLibManager->viewListBox->value = nil
\a cdsLibManager->viewListBox->value = "symbol"
\a cdsLibManager->viewLineEdit->value = "symbol"
\o MPS service: map window
\a nrSetCurrentWindow(cdsLibManager)
\a cdsLibManager->libListBox->value = "lyjlib"
\a cdsLibManager->cellListBox->value = nil
\a cdsLibManager->viewLineEdit->value = ""
\a cdsLibManager->viewListBox->value = nil
\a cdsLibManager->cellLineEdit->value = ""
\a cdsLibManager->libLineEdit->value = "lyjlib"
\a cdsLibManager->cellListBox->value = "INV"
\a cdsLibManager->viewListBox->value = "symbol"
\a cdsLibManager->viewLineEdit->value = "symbol"
\a cdsLibManager->cellLineEdit->value = "INV"
\a cdsLibManager->viewListBox->value = "schematic"
\a cdsLibManager->viewLineEdit->value = "schematic"
\a lmgrLogShowPopup("mainListPopup2" 64 51 2 "schematic")
\a cdsLibManager->FileOpenButton->value = t
\o MPS request: edit design
\a cdsLibManager->libListBox->value = nil
\a cdsLibManager->cellListBox->value = nil
\a cdsLibManager->viewLineEdit->value = ""
\a cdsLibManager->viewListBox->value = nil
\a cdsLibManager->cellLineEdit->value = ""
\a cdsLibManager->libLineEdit->value = ""
\a cdsLibManager->libListBox->value = "lyjlib"
\a cdsLibManager->libLineEdit->value = "lyjlib"
\a cdsLibManager->cellListBox->value = "INV"
\a cdsLibManager->cellLineEdit->value = "INV"
\a cdsLibManager->viewListBox->value = "schematic"
\a cdsLibManager->viewLineEdit->value = "schematic"
\a cdsLibManager->viewLineEdit->value = ""
\a cdsLibManager->viewListBox->value = nil
\a cdsLibManager->viewListBox->value = "schematic"
\a cdsLibManager->viewLineEdit->value = "schematic"
\a nrSetCurrentWindow(cdsLibManager)
\a cdsLibManager->viewListBox->value = "symbol"
\a cdsLibManager->viewLineEdit->value = "symbol"
\a lmgrLogShowPopup("mainListPopup2" 58 62 2 "symbol")
\a cdsLibManager->FileOpenButton->value = t
\o MPS request: edit design
\a nrSetCurrentWindow(cdsLibManager)
\a nrSetCurrentWindow(cdsLibManager)
\a nrSetCurrentWindow(cdsLibManager)
\a nrSetCurrentWindow(cdsLibManager)
\a cdsLibManager->cellListBox->value = "INV_test"
\a cdsLibManager->viewLineEdit->value = ""
\a cdsLibManager->viewListBox->value = nil
\a cdsLibManager->viewListBox->value = "schematic"
\a cdsLibManager->viewLineEdit->value = "schematic"
\a cdsLibManager->cellLineEdit->value = "INV_test"
\a lmgrLogShowPopup("mainListPopup2" 44 14 2 "schematic")
\a cdsLibManager->FileOpenButton->value = t
\o MPS request: edit design
\a nrSetCurrentWindow(cdsLibManager)
\a cdsLibManager->cellListBox->value = "INV"
\a cdsLibManager->viewLineEdit->value = ""
\a cdsLibManager->viewListBox->value = nil
\a cdsLibManager->viewListBox->value = "schematic"
\a cdsLibManager->viewLineEdit->value = "schematic"
\a cdsLibManager->cellLineEdit->value = "INV"
\a lmgrLogShowPopup("mainListPopup2" 40 46 2 "schematic")
\a cdsLibManager->FileOpenButton->value = t
\o MPS request: edit design
\a cdsLibManager->libListBox->value = nil
\a cdsLibManager->cellListBox->value = nil
\a cdsLibManager->viewLineEdit->value = ""
\a cdsLibManager->viewListBox->value = nil
\a cdsLibManager->cellLineEdit->value = ""
\a cdsLibManager->libLineEdit->value = ""
\a cdsLibManager->libListBox->value = "lyjlib"
\a cdsLibManager->libLineEdit->value = "lyjlib"
\a cdsLibManager->cellListBox->value = "INV"
\a cdsLibManager->cellLineEdit->value = "INV"
\a cdsLibManager->viewListBox->value = "schematic"
\a cdsLibManager->viewLineEdit->value = "schematic"
\a cdsLibManager->viewLineEdit->value = ""
\a cdsLibManager->viewListBox->value = nil
\a cdsLibManager->viewListBox->value = "schematic"
\a cdsLibManager->viewLineEdit->value = "schematic"
\a nrSetCurrentWindow(cdsLibManager)
\a cdsLibManager->viewListBox->value = "layout"
\a cdsLibManager->viewLineEdit->value = "layout"
\a lmgrLogShowPopup("mainListPopup2" 58 23 2 "layout")
\a cdsLibManager->FileOpenButton->value = t
\o MPS request: edit design
\a nrSetCurrentWindow(cdsLibManager)
\a cdsLibManager->cellListBox->value = "NAND"
\a cdsLibManager->viewLineEdit->value = ""
\a cdsLibManager->viewListBox->value = nil
\a cdsLibManager->viewListBox->value = "layout"
\a cdsLibManager->viewLineEdit->value = "layout"
\a cdsLibManager->cellLineEdit->value = "NAND"
\a cdsLibManager->viewListBox->value = "symbol"
\a cdsLibManager->viewLineEdit->value = "symbol"
\a lmgrLogShowPopup("mainListPopup2" 45 44 2 "symbol")
\a cdsLibManager->viewListBox->value = "schematic"
\a cdsLibManager->viewLineEdit->value = "schematic"
\a lmgrLogShowPopup("mainListPopup2" 37 28 2 "schematic")
\a cdsLibManager->FileOpenButton->value = t
\o MPS request: edit design
\a nrSetCurrentWindow(cdsLibManager)
\a cdsLibManager->viewListBox->value = "symbol"
\a cdsLibManager->viewLineEdit->value = "symbol"
\a lmgrLogShowPopup("mainListPopup2" 62 50 2 "symbol")
\a cdsLibManager->FileOpenButton->value = t
\o MPS request: edit design
\a nrSetCurrentWindow(cdsLibManager)
\a nrSetCurrentWindow(cdsLibManager)
\a nrSetCurrentWindow(cdsLibManager)
\a cdsLibManager->cellListBox->value = "NAND_test"
\a cdsLibManager->viewLineEdit->value = ""
\a cdsLibManager->viewListBox->value = nil
\a cdsLibManager->viewListBox->value = "schematic"
\a cdsLibManager->viewLineEdit->value = "schematic"
\a cdsLibManager->cellLineEdit->value = "NAND_test"
\a lmgrLogShowPopup("mainListPopup2" 70 11 2 "schematic")
\a cdsLibManager->FileOpenButton->value = t
\o MPS request: edit design
\a nrSetCurrentWindow(cdsLibManager)
\a cdsLibManager->cellListBox->value = "NAND"
\a cdsLibManager->viewLineEdit->value = ""
\a cdsLibManager->viewListBox->value = nil
\a cdsLibManager->viewListBox->value = "schematic"
\a cdsLibManager->viewLineEdit->value = "schematic"
\a cdsLibManager->cellListBox->value = "NAND_test"
\a cdsLibManager->viewLineEdit->value = ""
\a cdsLibManager->viewListBox->value = nil
\a cdsLibManager->viewListBox->value = "schematic"
\a cdsLibManager->viewLineEdit->value = "schematic"
\a cdsLibManager->cellListBox->value = "NAND"
\a cdsLibManager->viewLineEdit->value = ""
\a cdsLibManager->viewListBox->value = nil
\a cdsLibManager->viewListBox->value = "schematic"
\a cdsLibManager->viewLineEdit->value = "schematic"
\a cdsLibManager->cellLineEdit->value = "NAND"
\a cdsLibManager->viewListBox->value = "layout"
\a cdsLibManager->viewLineEdit->value = "layout"
\a lmgrLogShowPopup("mainListPopup2" 44 9 2 "layout")
\a cdsLibManager->FileOpenButton->value = t
\o MPS request: edit design
\a nrSetCurrentWindow(cdsLibManager)
\a cdsLibManager->viewListBox->value = "schematic"
\a cdsLibManager->viewLineEdit->value = "schematic"
\a lmgrLogShowPopup("mainListPopup2" 39 28 2 "schematic")
\a cdsLibManager->FileOpenButton->value = t
\o MPS request: edit design
\a nrSetCurrentWindow(cdsLibManager)
\a nrSetCurrentWindow(cdsLibManager)
\a cdsLibManager->cellListBox->value = "DFF"
\a cdsLibManager->viewLineEdit->value = ""
\a cdsLibManager->viewListBox->value = nil
\a cdsLibManager->viewListBox->value = "schematic"
\a cdsLibManager->viewLineEdit->value = "schematic"
\a cdsLibManager->cellLineEdit->value = "DFF"
\a lmgrLogShowPopup("mainListPopup2" 41 23 2 "schematic")
\a cdsLibManager->FileOpenButton->value = t
\o MPS request: edit design
\a nrSetCurrentWindow(cdsLibManager)
\a cdsLibManager->viewListBox->value = "symbol"
\a cdsLibManager->viewLineEdit->value = "symbol"
\a lmgrLogShowPopup("mainListPopup2" 45 48 2 "symbol")
\a cdsLibManager->FileOpenButton->value = t
\o MPS request: edit design
\a nrSetCurrentWindow(cdsLibManager)
\a cdsLibManager->cellListBox->value = "DFF_test"
\a cdsLibManager->viewLineEdit->value = ""
\a cdsLibManager->viewListBox->value = nil
\a cdsLibManager->viewListBox->value = "schematic"
\a cdsLibManager->viewLineEdit->value = "schematic"
\a cdsLibManager->cellLineEdit->value = "DFF_test"
\a lmgrLogShowPopup("mainListPopup2" 43 13 2 "schematic")
\a cdsLibManager->FileOpenButton->value = t
\o MPS request: edit design
\a nrSetCurrentWindow(cdsLibManager)
\a cdsLibManager->cellListBox->value = nil
\a cdsLibManager->viewLineEdit->value = ""
\a cdsLibManager->viewListBox->value = nil
\a cdsLibManager->cellListBox->value = "DFF"
\a cdsLibManager->viewListBox->value = "schematic"
\a cdsLibManager->viewLineEdit->value = "schematic"
\a cdsLibManager->cellLineEdit->value = "DFF"
\a cdsLibManager->viewListBox->value = "layout"
\a cdsLibManager->viewLineEdit->value = "layout"
\a lmgrLogShowPopup("mainListPopup2" 37 10 2 "layout")
\a cdsLibManager->FileOpenButton->value = t
\o MPS request: edit design
\a nrSetCurrentWindow(cdsLibManager)
\a cdsLibManager->viewListBox->value = "schematic"
\a cdsLibManager->viewLineEdit->value = "schematic"
\a lmgrLogShowPopup("mainListPopup2" 62 26 2 "schematic")
\a cdsLibManager->FileOpenButton->value = t
\o MPS request: edit design
\a nrSetCurrentWindow(cdsLibManager)
\a nrSetCurrentWindow(cdsLibManager)
\a cdsLibManager->cellListBox->value = "555timer_ts"
\a cdsLibManager->viewLineEdit->value = ""
\a cdsLibManager->viewListBox->value = nil
\a cdsLibManager->viewListBox->value = "schematic"
\a cdsLibManager->viewLineEdit->value = "schematic"
\a cdsLibManager->cellListBox->value = "555timer_gate"
\a cdsLibManager->viewLineEdit->value = ""
\a cdsLibManager->viewListBox->value = nil
\a cdsLibManager->viewListBox->value = "schematic"
\a cdsLibManager->viewLineEdit->value = "schematic"
\a cdsLibManager->cellLineEdit->value = "555timer_gate"
\a cdsLibManager->viewListBox->value = "symbol"
\a cdsLibManager->viewLineEdit->value = "symbol"
\a lmgrLogShowPopup("mainListPopup2" 32 24 2 "symbol")
\a cdsLibManager->viewListBox->value = "schematic"
\a cdsLibManager->viewLineEdit->value = "schematic"
\a lmgrLogShowPopup("mainListPopup2" 22 10 2 "schematic")
\a cdsLibManager->FileOpenButton->value = t
\o MPS request: edit design
\a nrSetCurrentWindow(cdsLibManager)
\a cdsLibManager->viewListBox->value = "symbol"
\a cdsLibManager->viewLineEdit->value = "symbol"
\a lmgrLogShowPopup("mainListPopup2" 72 26 2 "symbol")
\a cdsLibManager->FileOpenButton->value = t
\o MPS request: edit design
\a nrSetCurrentWindow(cdsLibManager)
\a cdsLibManager->cellListBox->value = "555timer_test"
\a cdsLibManager->viewLineEdit->value = ""
\a cdsLibManager->viewListBox->value = nil
\a cdsLibManager->viewListBox->value = "schematic"
\a cdsLibManager->viewLineEdit->value = "schematic"
\a cdsLibManager->cellListBox->value = "555timer_ts"
\a cdsLibManager->viewLineEdit->value = ""
\a cdsLibManager->viewListBox->value = nil
\a cdsLibManager->viewListBox->value = "schematic"
\a cdsLibManager->viewLineEdit->value = "schematic"
\a cdsLibManager->cellListBox->value = "555timer_gate"
\a cdsLibManager->viewLineEdit->value = ""
\a cdsLibManager->viewListBox->value = nil
\a cdsLibManager->viewListBox->value = "schematic"
\a cdsLibManager->viewLineEdit->value = "schematic"
\a cdsLibManager->cellListBox->value = "555timer_final_test"
\a cdsLibManager->viewLineEdit->value = ""
\a cdsLibManager->viewListBox->value = nil
\a cdsLibManager->viewListBox->value = "schematic"
\a cdsLibManager->viewLineEdit->value = "schematic"
\a cdsLibManager->cellLineEdit->value = "555timer_final_test"
\a lmgrLogShowPopup("mainListPopup2" 31 11 2 "schematic")
\a cdsLibManager->FileOpenButton->value = t
\o MPS request: edit design
\a nrSetCurrentWindow(cdsLibManager)
\a cdsLibManager->cellListBox->value = "555timer_gate"
\a cdsLibManager->viewLineEdit->value = ""
\a cdsLibManager->viewListBox->value = nil
\a cdsLibManager->viewListBox->value = "schematic"
\a cdsLibManager->viewLineEdit->value = "schematic"
\a cdsLibManager->cellLineEdit->value = "555timer_gate"
\a cdsLibManager->libListBox->value = nil
\a cdsLibManager->cellListBox->value = nil
\a cdsLibManager->viewLineEdit->value = ""
\a cdsLibManager->viewListBox->value = nil
\a cdsLibManager->cellLineEdit->value = ""
\a cdsLibManager->libLineEdit->value = ""
\a cdsLibManager->libListBox->value = "lyjlib"
\a cdsLibManager->libLineEdit->value = "lyjlib"
\a cdsLibManager->cellListBox->value = "555timer_gate"
\a cdsLibManager->cellLineEdit->value = "555timer_gate"
\a cdsLibManager->viewListBox->value = "schematic"
\a cdsLibManager->viewLineEdit->value = "schematic"
\a cdsLibManager->viewLineEdit->value = ""
\a cdsLibManager->viewListBox->value = nil
\a cdsLibManager->viewListBox->value = "schematic"
\a cdsLibManager->viewLineEdit->value = "schematic"
\a nrSetCurrentWindow(cdsLibManager)
\a _lmgrCloseIconify("cdsLibManager" 1)
